This is pdfTeX, Version 3.14159265-2.6-1.40.19 (TeX Live 2018) (preloaded format=pdflatex 2018.4.16)  23 JAN 2021 15:47
entering extended mode
 \write18 enabled.
 file:line:error style messages enabled.
 %&-line parsing enabled.
**macros.tex
(./macros.tex
LaTeX2e <2018-04-01> patch level 2
Babel <3.18> and hyphenation patterns for 84 language(s) loaded.
./macros.tex:20: Undefined control sequence.
l.20 \DeclareMathOperator
                         *{\argmin}{arg\,min}
? 
./macros.tex:20: Emergency stop.
l.20 \DeclareMathOperator
                         *{\argmin}{arg\,min}
End of file on the terminal!

 
Here is how much of TeX's memory you used:
 16 strings out of 492649
 156 string characters out of 6129622
 56400 words of memory out of 5000000
 3999 multiletter control sequences out of 15000+600000
 3640 words of font info for 14 fonts, out of 8000000 for 9000
 1141 hyphenation exceptions out of 8191
 7i,0n,7p,57b,8s stack positions out of 5000i,500n,10000p,200000b,80000s
./macros.tex:20:  ==> Fatal error occurred, no output PDF file produced!
